0 verbose cli C:\Program Files\nodejs\node.exe C:\Program Files\nodejs\node_modules\npm\bin\npm-cli.js
1 info using npm@10.9.2
2 info using node@v22.14.0
3 silly config load:file:C:\Program Files\nodejs\node_modules\npm\npmrc
4 silly config load:file:d:\test\logging-middleware\.npmrc
5 silly config load:file:C:\Users\SACHIN KUMAR RAI\.npmrc
6 silly config load:file:C:\Users\SACHIN KUMAR RAI\AppData\Roaming\npm\etc\npmrc
7 verbose title npm ls express
8 verbose argv "ls" "--json" "--depth" "0" "--" "express"
9 verbose logfile logs-max:10 dir:d:\test\logging-middleware\%USERPROFILE%\npm-cache\_logs\2026-05-05T09_13_28_256Z-
10 verbose logfile d:\test\logging-middleware\%USERPROFILE%\npm-cache\_logs\2026-05-05T09_13_28_256Z-debug-0.log
11 silly logfile start cleaning logs, removing 2 files
12 silly packumentCache heap:2197815296 maxSize:549453824 maxEntrySize:274726912
13 silly logfile done cleaning log files
14 verbose cwd d:\test\logging-middleware
15 verbose os Windows_NT 10.0.19045
16 verbose node v22.14.0
17 verbose npm  v10.9.2
18 verbose exit 0
19 info ok
